c:\users\lenovo\documents\github\consoleapplication1\consoleapplication1\x64\release\vc143.pdb
c:\users\lenovo\documents\github\consoleapplication1\consoleapplication1\x64\release\002 next number from the integer passed.obj
c:\users\lenovo\documents\github\consoleapplication1\consoleapplication1\x64\release\benchmark.obj
c:\users\lenovo\documents\github\consoleapplication1\consoleapplication1\x64\release\001 sum of two numbers.obj
c:\users\lenovo\documents\github\consoleapplication1\consoleapplication1\x64\release\000 true.obj
c:\users\lenovo\documents\github\consoleapplication1\x64\release\challenges.exe
c:\users\lenovo\documents\github\consoleapplication1\consoleapplication1\x64\release\challenges.ipdb
c:\users\lenovo\documents\github\consoleapplication1\x64\release\challenges.pdb
c:\users\lenovo\documents\github\consoleapplication1\consoleapplication1\x64\release\challenges.iobj
c:\users\lenovo\documents\github\consoleapplication1\consoleapplication1\x64\release\consoleapplication1.res
c:\users\lenovo\documents\github\consoleapplication1\consoleapplication1\x64\release\challenges.tlog\cl.command.1.tlog
c:\users\lenovo\documents\github\consoleapplication1\consoleapplication1\x64\release\challenges.tlog\cl.items.tlog
c:\users\lenovo\documents\github\consoleapplication1\consoleapplication1\x64\release\challenges.tlog\cl.read.1.tlog
c:\users\lenovo\documents\github\consoleapplication1\consoleapplication1\x64\release\challenges.tlog\cl.write.1.tlog
c:\users\lenovo\documents\github\consoleapplication1\consoleapplication1\x64\release\challenges.tlog\link.command.1.tlog
c:\users\lenovo\documents\github\consoleapplication1\consoleapplication1\x64\release\challenges.tlog\link.read.1.tlog
c:\users\lenovo\documents\github\consoleapplication1\consoleapplication1\x64\release\challenges.tlog\link.write.1.tlog
c:\users\lenovo\documents\github\consoleapplication1\consoleapplication1\x64\release\challenges.tlog\rc.command.1.tlog
c:\users\lenovo\documents\github\consoleapplication1\consoleapplication1\x64\release\challenges.tlog\rc.read.1.tlog
c:\users\lenovo\documents\github\consoleapplication1\consoleapplication1\x64\release\challenges.tlog\rc.write.1.tlog
