c:\users\lenovo\documents\github\consoleapplication1\consoleapplication1\x64\debug\vc143.pdb
c:\users\lenovo\documents\github\consoleapplication1\consoleapplication1\x64\debug\vc143.idb
c:\users\lenovo\documents\github\consoleapplication1\consoleapplication1\x64\debug\benchmark.obj
c:\users\lenovo\documents\github\consoleapplication1\consoleapplication1\x64\debug\001 sum of two numbers.obj
c:\users\lenovo\documents\github\consoleapplication1\consoleapplication1\x64\debug\000 true.obj
c:\users\lenovo\documents\github\consoleapplication1\x64\debug\challenges.exe
c:\users\lenovo\documents\github\consoleapplication1\consoleapplication1\x64\debug\challenges.ilk
c:\users\lenovo\documents\github\consoleapplication1\x64\debug\challenges.pdb
c:\users\lenovo\documents\github\consoleapplication1\consoleapplication1\x64\debug\consoleapplication1.res
c:\users\lenovo\documents\github\consoleapplication1\consoleapplication1\x64\debug\000 test.obj
c:\users\lenovo\documents\github\consoleapplication1\consoleapplication1\x64\debug\complex.obj
c:\users\lenovo\documents\github\consoleapplication1\consoleapplication1\x64\debug\cpp challenges.ilk
c:\users\lenovo\documents\github\consoleapplication1\consoleapplication1\x64\debug\challenges.tlog\cl.command.1.tlog
c:\users\lenovo\documents\github\consoleapplication1\consoleapplication1\x64\debug\challenges.tlog\cl.items.tlog
c:\users\lenovo\documents\github\consoleapplication1\consoleapplication1\x64\debug\challenges.tlog\cl.read.1.tlog
c:\users\lenovo\documents\github\consoleapplication1\consoleapplication1\x64\debug\challenges.tlog\cl.write.1.tlog
c:\users\lenovo\documents\github\consoleapplication1\consoleapplication1\x64\debug\challenges.tlog\link.command.1.tlog
c:\users\lenovo\documents\github\consoleapplication1\consoleapplication1\x64\debug\challenges.tlog\link.read.1.tlog
c:\users\lenovo\documents\github\consoleapplication1\consoleapplication1\x64\debug\challenges.tlog\link.write.1.tlog
c:\users\lenovo\documents\github\consoleapplication1\consoleapplication1\x64\debug\challenges.tlog\rc.command.1.tlog
c:\users\lenovo\documents\github\consoleapplication1\consoleapplication1\x64\debug\challenges.tlog\rc.read.1.tlog
c:\users\lenovo\documents\github\consoleapplication1\consoleapplication1\x64\debug\challenges.tlog\rc.write.1.tlog
