  ConsoleApplication1.cpp
C:\Users\Lenovo\Documents\GitHub\ConsoleApplication1\ConsoleApplication1\ConsoleApplication1.cpp(70,12): warning C4244: "inicjowanie": konwersja z "double" do "long", możliwa utrata danych
C:\Users\Lenovo\Documents\GitHub\ConsoleApplication1\ConsoleApplication1\ConsoleApplication1.cpp(77,10): warning C4101: "m": lokalna zmienna, do której nie istnieje odwołanie
C:\Users\Lenovo\Documents\GitHub\ConsoleApplication1\ConsoleApplication1\ConsoleApplication1.cpp(63,11): warning C4101: "e2": lokalna zmienna, do której nie istnieje odwołanie
C:\Users\Lenovo\Documents\GitHub\ConsoleApplication1\ConsoleApplication1\ConsoleApplication1.cpp(53,12): warning C4101: "b2": lokalna zmienna, do której nie istnieje odwołanie
C:\Users\Lenovo\Documents\GitHub\ConsoleApplication1\ConsoleApplication1\ConsoleApplication1.cpp(75,12): warning C4101: "k": lokalna zmienna, do której nie istnieje odwołanie
C:\Users\Lenovo\Documents\GitHub\ConsoleApplication1\ConsoleApplication1\ConsoleApplication1.cpp(61,12): warning C4101: "d3": lokalna zmienna, do której nie istnieje odwołanie
C:\Users\Lenovo\Documents\GitHub\ConsoleApplication1\ConsoleApplication1\ConsoleApplication1.cpp(86,24): warning C4101: "r2": lokalna zmienna, do której nie istnieje odwołanie
C:\Users\Lenovo\Documents\GitHub\ConsoleApplication1\ConsoleApplication1\ConsoleApplication1.cpp(67,14): warning C4101: "f2": lokalna zmienna, do której nie istnieje odwołanie
C:\Users\Lenovo\Documents\GitHub\ConsoleApplication1\ConsoleApplication1\ConsoleApplication1.cpp(62,15): warning C4101: "e": lokalna zmienna, do której nie istnieje odwołanie
C:\Users\Lenovo\Documents\GitHub\ConsoleApplication1\ConsoleApplication1\ConsoleApplication1.cpp(54,16): warning C4101: "b3": lokalna zmienna, do której nie istnieje odwołanie
C:\Users\Lenovo\Documents\GitHub\ConsoleApplication1\ConsoleApplication1\ConsoleApplication1.cpp(82,13): warning C4101: "p": lokalna zmienna, do której nie istnieje odwołanie
C:\Users\Lenovo\Documents\GitHub\ConsoleApplication1\ConsoleApplication1\ConsoleApplication1.cpp(60,15): warning C4101: "d4": lokalna zmienna, do której nie istnieje odwołanie
C:\Users\Lenovo\Documents\GitHub\ConsoleApplication1\ConsoleApplication1\ConsoleApplication1.cpp(87,17): warning C4101: "q": lokalna zmienna, do której nie istnieje odwołanie
C:\Users\Lenovo\Documents\GitHub\ConsoleApplication1\ConsoleApplication1\ConsoleApplication1.cpp(84,22): warning C4101: "p3": lokalna zmienna, do której nie istnieje odwołanie
C:\Users\Lenovo\Documents\GitHub\ConsoleApplication1\ConsoleApplication1\ConsoleApplication1.cpp(72,21): warning C4101: "h3": lokalna zmienna, do której nie istnieje odwołanie
C:\Users\Lenovo\Documents\GitHub\ConsoleApplication1\ConsoleApplication1\ConsoleApplication1.cpp(66,18): warning C4101: "f": lokalna zmienna, do której nie istnieje odwołanie
C:\Users\Lenovo\Documents\GitHub\ConsoleApplication1\ConsoleApplication1\ConsoleApplication1.cpp(64,22): warning C4101: "e3": lokalna zmienna, do której nie istnieje odwołanie
C:\Users\Lenovo\Documents\GitHub\ConsoleApplication1\ConsoleApplication1\ConsoleApplication1.cpp(55,13): warning C4101: "b4": lokalna zmienna, do której nie istnieje odwołanie
C:\Users\Lenovo\Documents\GitHub\ConsoleApplication1\ConsoleApplication1\ConsoleApplication1.cpp(81,24): warning C4101: "o3": lokalna zmienna, do której nie istnieje odwołanie
C:\Users\Lenovo\Documents\GitHub\ConsoleApplication1\ConsoleApplication1\ConsoleApplication1.cpp(76,17): warning C4101: "l": lokalna zmienna, do której nie istnieje odwołanie
C:\Users\Lenovo\Documents\GitHub\ConsoleApplication1\ConsoleApplication1\ConsoleApplication1.cpp(74,11): warning C4101: "j": lokalna zmienna, do której nie istnieje odwołanie
C:\Users\Lenovo\Documents\GitHub\ConsoleApplication1\ConsoleApplication1\ConsoleApplication1.cpp(56,19): warning C4101: "c": lokalna zmienna, do której nie istnieje odwołanie
C:\Users\Lenovo\Documents\GitHub\ConsoleApplication1\ConsoleApplication1\ConsoleApplication1.cpp(83,15): warning C4101: "p2": lokalna zmienna, do której nie istnieje odwołanie
C:\Users\Lenovo\Documents\GitHub\ConsoleApplication1\ConsoleApplication1\ConsoleApplication1.cpp(57,21): warning C4101: "c2": lokalna zmienna, do której nie istnieje odwołanie
C:\Users\Lenovo\Documents\GitHub\ConsoleApplication1\ConsoleApplication1\ConsoleApplication1.cpp(71,14): warning C4101: "h2": lokalna zmienna, do której nie istnieje odwołanie
C:\Users\Lenovo\Documents\GitHub\ConsoleApplication1\ConsoleApplication1\ConsoleApplication1.cpp(69,19): warning C4101: "g": lokalna zmienna, do której nie istnieje odwołanie
C:\Users\Lenovo\Documents\GitHub\ConsoleApplication1\ConsoleApplication1\ConsoleApplication1.cpp(85,22): warning C4101: "r": lokalna zmienna, do której nie istnieje odwołanie
C:\Users\Lenovo\Documents\GitHub\ConsoleApplication1\ConsoleApplication1\ConsoleApplication1.cpp(80,20): warning C4101: "o2": lokalna zmienna, do której nie istnieje odwołanie
C:\Users\Lenovo\Documents\GitHub\ConsoleApplication1\ConsoleApplication1\ConsoleApplication1.cpp(79,22): warning C4101: "o": lokalna zmienna, do której nie istnieje odwołanie
C:\Users\Lenovo\Documents\GitHub\ConsoleApplication1\ConsoleApplication1\ConsoleApplication1.cpp(68,22): warning C4101: "f3": lokalna zmienna, do której nie istnieje odwołanie
C:\Users\Lenovo\Documents\GitHub\ConsoleApplication1\ConsoleApplication1\ConsoleApplication1.cpp(65,13): warning C4101: "e4": lokalna zmienna, do której nie istnieje odwołanie
C:\Users\Lenovo\Documents\GitHub\ConsoleApplication1\ConsoleApplication1\ConsoleApplication1.cpp(59,13): warning C4101: "d2": lokalna zmienna, do której nie istnieje odwołanie
  ConsoleApplication1.vcxproj -> C:\Users\Lenovo\Documents\GitHub\ConsoleApplication1\x64\Debug\ConsoleApplication1.exe
