c:\users\lenovo\documents\github\consoleapplication1\consoleapplication1\x64\debug\vc143.pdb
c:\users\lenovo\documents\github\consoleapplication1\consoleapplication1\x64\debug\vc143.idb
c:\users\lenovo\documents\github\consoleapplication1\consoleapplication1\x64\debug\complex.obj
c:\users\lenovo\documents\github\consoleapplication1\consoleapplication1\x64\debug\000 true.obj
c:\users\lenovo\documents\github\consoleapplication1\consoleapplication1\x64\debug\000 test.obj
c:\users\lenovo\documents\github\consoleapplication1\consoleapplication1\x64\debug\consoleapplication1.res
c:\users\lenovo\documents\github\consoleapplication1\consoleapplication1\x64\debug\consoleapplication1.obj
c:\users\lenovo\documents\github\consoleapplication1\consoleapplication1\x64\debug\consoleapplication1.ilk
c:\users\lenovo\documents\github\consoleapplication1\x64\debug\cpp challenges.pdb
c:\users\lenovo\documents\github\consoleapplication1\consoleapplication1\x64\debug\cpp challenges.tlog\cl.command.1.tlog
c:\users\lenovo\documents\github\consoleapplication1\consoleapplication1\x64\debug\cpp challenges.tlog\cl.read.1.tlog
c:\users\lenovo\documents\github\consoleapplication1\consoleapplication1\x64\debug\cpp challenges.tlog\cl.write.1.tlog
c:\users\lenovo\documents\github\consoleapplication1\consoleapplication1\x64\debug\cpp challenges.tlog\link-cvtres.read.1.tlog
c:\users\lenovo\documents\github\consoleapplication1\consoleapplication1\x64\debug\cpp challenges.tlog\link-cvtres.write.1.tlog
c:\users\lenovo\documents\github\consoleapplication1\consoleapplication1\x64\debug\cpp challenges.tlog\link-rc.read.1.tlog
c:\users\lenovo\documents\github\consoleapplication1\consoleapplication1\x64\debug\cpp challenges.tlog\link-rc.write.1.tlog
c:\users\lenovo\documents\github\consoleapplication1\consoleapplication1\x64\debug\cpp challenges.tlog\link.command.1.tlog
c:\users\lenovo\documents\github\consoleapplication1\consoleapplication1\x64\debug\cpp challenges.tlog\link.read.1.tlog
c:\users\lenovo\documents\github\consoleapplication1\consoleapplication1\x64\debug\cpp challenges.tlog\link.read.2.tlog
c:\users\lenovo\documents\github\consoleapplication1\consoleapplication1\x64\debug\cpp challenges.tlog\link.write.1.tlog
c:\users\lenovo\documents\github\consoleapplication1\consoleapplication1\x64\debug\cpp challenges.tlog\rc.command.1.tlog
c:\users\lenovo\documents\github\consoleapplication1\consoleapplication1\x64\debug\cpp challenges.tlog\rc.read.1.tlog
c:\users\lenovo\documents\github\consoleapplication1\consoleapplication1\x64\debug\cpp challenges.tlog\rc.write.1.tlog
